build/intermediates/manifest_merge_blame_file/debug/manifest-merger-blame-debug-report.txt
1<?xml version="1.0" encoding="utf-8"?>
2<manifest xmlns:android="http://schemas.android.com/apk/res/android"
3    package="kr.ac.baekseok.for_the_precious_woman"
4    android:versionCode="1"
5    android:versionName="1.0" >
6
7    <uses-sdk
8        android:minSdkVersion="21"
8-->src\main\AndroidManifest.xml
9        android:targetSdkVersion="32" />
9-->src\main\AndroidManifest.xml
10
11    <application
11-->src\main\AndroidManifest.xml:6:5-33:19
12        android:allowBackup="true"
12-->src\main\AndroidManifest.xml:7:9-35
13        android:appComponentFactory="androidx.core.app.CoreComponentFactory"
13-->[androidx.core:core:1.8.0] AndroidManifest.xml:24:18-86
14        android:dataExtractionRules="@xml/data_extraction_rules"
14-->src\main\AndroidManifest.xml:8:9-65
15        android:debuggable="true"
16        android:fullBackupContent="@xml/backup_rules"
16-->src\main\AndroidManifest.xml:9:9-54
17        android:icon="@mipmap/ic_launcher"
17-->src\main\AndroidManifest.xml:10:9-43
18        android:label="@string/app_name"
18-->src\main\AndroidManifest.xml:11:9-41
19        android:roundIcon="@mipmap/ic_launcher_round"
19-->src\main\AndroidManifest.xml:12:9-54
20        android:supportsRtl="true"
20-->src\main\AndroidManifest.xml:13:9-35
21        android:theme="@style/Theme.For_the_precious_woman" >
21-->src\main\AndroidManifest.xml:14:9-60
22        <activity
22-->src\main\AndroidManifest.xml:17:9-25:20
23            android:name="kr.ac.baekseok.for_the_precious_woman.login"
23-->src\main\AndroidManifest.xml:18:13-34
24            android:exported="true" >
24-->src\main\AndroidManifest.xml:19:13-36
25            <intent-filter>
25-->src\main\AndroidManifest.xml:20:13-24:29
26                <action android:name="android.intent.action.MAIN" />
26-->src\main\AndroidManifest.xml:21:17-69
26-->src\main\AndroidManifest.xml:21:25-66
27
28                <category android:name="android.intent.category.LAUNCHER" />
28-->src\main\AndroidManifest.xml:23:17-77
28-->src\main\AndroidManifest.xml:23:27-74
29            </intent-filter>
30        </activity>
31        <activity android:name="kr.ac.baekseok.for_the_precious_woman.sign" />
31-->src\main\AndroidManifest.xml:26:9-51
31-->src\main\AndroidManifest.xml:26:19-39
32        <activity android:name="kr.ac.baekseok.for_the_precious_woman.Home" />
32-->src\main\AndroidManifest.xml:27:9-51
32-->src\main\AndroidManifest.xml:27:19-39
33        <activity android:name="kr.ac.baekseok.for_the_precious_woman.Calendar" />
33-->src\main\AndroidManifest.xml:28:9-55
33-->src\main\AndroidManifest.xml:28:19-43
34        <activity android:name="kr.ac.baekseok.for_the_precious_woman.tip" />
34-->src\main\AndroidManifest.xml:29:9-50
34-->src\main\AndroidManifest.xml:29:19-38
35        <activity android:name="kr.ac.baekseok.for_the_precious_woman.tipCardviewDt" />
35-->src\main\AndroidManifest.xml:30:9-60
35-->src\main\AndroidManifest.xml:30:19-48
36        <activity android:name="kr.ac.baekseok.for_the_precious_woman.Recommend" />
36-->src\main\AndroidManifest.xml:31:9-56
36-->src\main\AndroidManifest.xml:31:19-44
37        <activity android:name="kr.ac.baekseok.for_the_precious_woman.User" />
37-->src\main\AndroidManifest.xml:32:9-51
37-->src\main\AndroidManifest.xml:32:19-39
38
39        <provider
39-->[androidx.emoji2:emoji2:1.2.0] AndroidManifest.xml:24:9-32:20
40            android:name="androidx.startup.InitializationProvider"
40-->[androidx.emoji2:emoji2:1.2.0] AndroidManifest.xml:25:13-67
41            android:authorities="kr.ac.baekseok.for_the_precious_woman.androidx-startup"
41-->[androidx.emoji2:emoji2:1.2.0] AndroidManifest.xml:26:13-68
42            android:exported="false" >
42-->[androidx.emoji2:emoji2:1.2.0] AndroidManifest.xml:27:13-37
43            <meta-data
43-->[androidx.emoji2:emoji2:1.2.0] AndroidManifest.xml:29:13-31:52
44                android:name="androidx.emoji2.text.EmojiCompatInitializer"
44-->[androidx.emoji2:emoji2:1.2.0] AndroidManifest.xml:30:17-75
45                android:value="androidx.startup" />
45-->[androidx.emoji2:emoji2:1.2.0] AndroidManifest.xml:31:17-49
46            <meta-data
46-->[androidx.lifecycle:lifecycle-process:2.4.1] AndroidManifest.xml:31:13-33:52
47                android:name="androidx.lifecycle.ProcessLifecycleInitializer"
47-->[androidx.lifecycle:lifecycle-process:2.4.1] AndroidManifest.xml:32:17-78
48                android:value="androidx.startup" />
48-->[androidx.lifecycle:lifecycle-process:2.4.1] AndroidManifest.xml:33:17-49
49        </provider>
50    </application>
51
52</manifest>